Using pre-set license
Built from '2020.3/staging' branch; Version is '2020.3.9f1 (108be757e447) revision 1084391'; Using compiler version '192528614'; Build Type 'Release'
OS: 'Windows 10 Home; OS build 19042.1526; Version 2009; 64bit' Language: 'es' Physical Memory: 16322 MB
BatchMode: 1, IsHumanControllingUs: 0, StartBugReporterOnCrash: 0, Is64bit: 1, IsPro: 0

 COMMAND LINE ARGUMENTS:
C:\Program Files\Unity\Hub\Editor\2020.3.9f1\Editor\Unity.exe
-adb2
-batchMode
-noUpm
-name
AssetImportWorker0
-projectPath
D:/UNITYYYY/entregable_8/entregable_8/entregable_8
-logFile
Logs/AssetImportWorker0.log
-srvPort
53735
Successfully changed project path to: D:/UNITYYYY/entregable_8/entregable_8/entregable_8
D:/UNITYYYY/entregable_8/entregable_8/entregable_8
Using Asset Import Pipeline V2.
Refreshing native plugins compatible for Editor in 20.00 ms, found 0 plugins.
Preloading 0 native plugins for Editor in 0.00 ms.
Initialize engine version: 2020.3.9f1 (108be757e447)
[Subsystems] Discovering subsystems at path C:/Program Files/Unity/Hub/Editor/2020.3.9f1/Editor/Data/Resources/UnitySubsystems
[Subsystems] Discovering subsystems at path D:/UNITYYYY/entregable_8/entregable_8/entregable_8/Assets
GfxDevice: creating device client; threaded=0
Direct3D:
    Version:  Direct3D 11.0 [level 11.1]
    Renderer: NVIDIA GeForce RTX 2060 SUPER (ID=0x1f06)
    Vendor:   
    VRAM:     8031 MB
    Driver:   27.21.14.5671
Initialize mono
Mono path[0] = 'C:/Program Files/Unity/Hub/Editor/2020.3.9f1/Editor/Data/Managed'
Mono path[1] = 'C:/Program Files/Unity/Hub/Editor/2020.3.9f1/Editor/Data/MonoBleedingEdge/lib/mono/unityjit'
Mono config path = 'C:/Program Files/Unity/Hub/Editor/2020.3.9f1/Editor/Data/MonoBleedingEdge/etc'
Using monoOptions --debugger-agent=transport=dt_socket,embedding=1,server=y,suspend=n,address=127.0.0.1:56916
Begin MonoManager ReloadAssembly
Registering precompiled unity dll's ...
Register platform support module: C:/Program Files/Unity/Hub/Editor/2020.3.9f1/Editor/Data/PlaybackEngines/WindowsStandaloneSupport/UnityEditor.WindowsStandalone.Extensions.dll
Registered in 0.001783 seconds.
Native extension for WindowsStandalone target not found
Refreshing native plugins compatible for Editor in 19.19 ms, found 0 plugins.
Preloading 0 native plugins for Editor in 0.00 ms.
Mono: successfully reloaded assembly
- Completed reload, in  0.953 seconds
Platform modules already initialized, skipping
Registering precompiled user dll's ...
Registered in 0.000549 seconds.
Begin MonoManager ReloadAssembly
Native extension for WindowsStandalone target not found
Refreshing native plugins compatible for Editor in 0.16 ms, found 0 plugins.
Preloading 0 native plugins for Editor in 0.00 ms.
Mono: successfully reloaded assembly
- Completed reload, in  0.711 seconds
Platform modules already initialized, skipping
========================================================================
Worker process is ready to serve import requests
Launched and connected shader compiler UnityShaderCompiler.exe after 0.05 seconds
Refreshing native plugins compatible for Editor in 0.17 ms, found 0 plugins.
Preloading 0 native plugins for Editor in 0.00 ms.
Unloading 1132 Unused Serialized files (Serialized files now loaded: 0)
System memory in use before: 59.4 MB.
System memory in use after: 59.4 MB.

Unloading 10 unused Assets to reduce memory usage. Loaded Objects now: 1575.
Total: 1.601600 ms (FindLiveObjects: 0.097400 ms CreateObjectMapping: 0.027400 ms MarkObjects: 1.387200 ms  DeleteObjects: 0.088900 ms)

========================================================================
Received Import Request.
  path: Assets/descarga.jpg
  artifactKey: Guid(c74cc737ff16a4948a940076bd267de2) Importer(815301076,1909f56bfc062723c751e8b465ee728b)
Start importing Assets/descarga.jpg using Guid(c74cc737ff16a4948a940076bd267de2) Importer(815301076,1909f56bfc062723c751e8b465ee728b)  -> (artifact id: '20bc9b66af9f41df22b8526831470b9b') in 0.078937 seconds
  Import took 0.080325 seconds .

========================================================================
Received Import Request.
  Time since last request: 3.008569 seconds.
  path: Assets/Script
  artifactKey: Guid(36105a110bb97c649860171bd7fc61c6) Importer(815301076,1909f56bfc062723c751e8b465ee728b)
Start importing Assets/Script using Guid(36105a110bb97c649860171bd7fc61c6) Importer(815301076,1909f56bfc062723c751e8b465ee728b)  -> (artifact id: '2aaf40aa0a1efe683201205043e77304') in 0.006310 seconds
  Import took 0.007725 seconds .

========================================================================
Received Import Request.
  Time since last request: 1.677312 seconds.
  path: Assets/Boton.cs
  artifactKey: Guid(5fa03e89ebe94a848a13cdc4d51b46d1) Importer(815301076,1909f56bfc062723c751e8b465ee728b)
Start importing Assets/Boton.cs using Guid(5fa03e89ebe94a848a13cdc4d51b46d1) Importer(815301076,1909f56bfc062723c751e8b465ee728b)  -> (artifact id: '6b80c3fca35d78686d7d18c75f129acb') in 0.018269 seconds
  Import took 0.019680 seconds .

========================================================================
Received Import Request.
  Time since last request: 1.139975 seconds.
  path: Assets/Boton.cs
  artifactKey: Guid(5fa03e89ebe94a848a13cdc4d51b46d1) Importer(815301076,1909f56bfc062723c751e8b465ee728b)
Start importing Assets/Boton.cs using Guid(5fa03e89ebe94a848a13cdc4d51b46d1) Importer(815301076,1909f56bfc062723c751e8b465ee728b)  -> (artifact id: '6b80c3fca35d78686d7d18c75f129acb') in 0.008071 seconds
  Import took 0.009664 seconds .

========================================================================
Received Import Request.
  Time since last request: 1.213213 seconds.
  path: Assets/Slider.cs
  artifactKey: Guid(0b4ee8e13b5512841bb1702deece0ade) Importer(815301076,1909f56bfc062723c751e8b465ee728b)
Start importing Assets/Slider.cs using Guid(0b4ee8e13b5512841bb1702deece0ade) Importer(815301076,1909f56bfc062723c751e8b465ee728b)  -> (artifact id: '54b8f310534eeadcdde3167db4aed93f') in 0.005569 seconds
  Import took 0.007340 seconds .

========================================================================
Received Prepare
Registering precompiled user dll's ...
Registered in 0.000527 seconds.
Begin MonoManager ReloadAssembly
Native extension for WindowsStandalone target not found
Refreshing native plugins compatible for Editor in 0.17 ms, found 0 plugins.
Preloading 0 native plugins for Editor in 0.00 ms.
Mono: successfully reloaded assembly
- Completed reload, in  0.660 seconds
Platform modules already initialized, skipping
Refreshing native plugins compatible for Editor in 0.20 ms, found 0 plugins.
Preloading 0 native plugins for Editor in 0.00 ms.
Unloading 1114 Unused Serialized files (Serialized files now loaded: 0)
System memory in use before: 58.1 MB.
System memory in use after: 58.2 MB.

Unloading 5 unused Assets to reduce memory usage. Loaded Objects now: 1580.
Total: 1.267200 ms (FindLiveObjects: 0.103600 ms CreateObjectMapping: 0.025200 ms MarkObjects: 1.099800 ms  DeleteObjects: 0.038000 ms)

========================================================================
Received Import Request.
  Time since last request: 22.223468 seconds.
  path: Assets/descarga.jpg
  artifactKey: Guid(c74cc737ff16a4948a940076bd267de2) Importer(815301076,1909f56bfc062723c751e8b465ee728b)
Start importing Assets/descarga.jpg using Guid(c74cc737ff16a4948a940076bd267de2) Importer(815301076,1909f56bfc062723c751e8b465ee728b)  -> (artifact id: '800ef27b2f0b60aa63ac352c528147d3') in 0.077408 seconds
  Import took 0.078972 seconds .

========================================================================
Received Prepare
Registering precompiled user dll's ...
Registered in 0.000778 seconds.
Begin MonoManager ReloadAssembly
Native extension for WindowsStandalone target not found
Refreshing native plugins compatible for Editor in 0.16 ms, found 0 plugins.
Preloading 0 native plugins for Editor in 0.00 ms.
Mono: successfully reloaded assembly
- Completed reload, in  0.656 seconds
Platform modules already initialized, skipping
Refreshing native plugins compatible for Editor in 0.16 ms, found 0 plugins.
Preloading 0 native plugins for Editor in 0.00 ms.
Unloading 1114 Unused Serialized files (Serialized files now loaded: 0)
System memory in use before: 61.2 MB.
System memory in use after: 61.2 MB.

Unloading 5 unused Assets to reduce memory usage. Loaded Objects now: 1587.
Total: 1.291100 ms (FindLiveObjects: 0.091600 ms CreateObjectMapping: 0.025800 ms MarkObjects: 1.138200 ms  DeleteObjects: 0.034700 ms)

AssetImportWorkerClient::OnTransportError - code=2 error=End of file
