Using pre-set license
Built from '2020.3/staging' branch; Version is '2020.3.9f1 (108be757e447) revision 1084391'; Using compiler version '192528614'; Build Type 'Release'
OS: 'Windows 10 Home; OS build 19042.1526; Version 2009; 64bit' Language: 'es' Physical Memory: 16322 MB
BatchMode: 1, IsHumanControllingUs: 0, StartBugReporterOnCrash: 0, Is64bit: 1, IsPro: 0

 COMMAND LINE ARGUMENTS:
C:\Program Files\Unity\Hub\Editor\2020.3.9f1\Editor\Unity.exe
-adb2
-batchMode
-noUpm
-name
AssetImportWorker0
-projectPath
D:/UNITYYYY/entregable_8/entregable_8/entregable_8
-logFile
Logs/AssetImportWorker0.log
-srvPort
51785
Successfully changed project path to: D:/UNITYYYY/entregable_8/entregable_8/entregable_8
D:/UNITYYYY/entregable_8/entregable_8/entregable_8
Using Asset Import Pipeline V2.
Refreshing native plugins compatible for Editor in 28.17 ms, found 0 plugins.
Preloading 0 native plugins for Editor in 0.00 ms.
Initialize engine version: 2020.3.9f1 (108be757e447)
[Subsystems] Discovering subsystems at path C:/Program Files/Unity/Hub/Editor/2020.3.9f1/Editor/Data/Resources/UnitySubsystems
[Subsystems] Discovering subsystems at path D:/UNITYYYY/entregable_8/entregable_8/entregable_8/Assets
GfxDevice: creating device client; threaded=0
Direct3D:
    Version:  Direct3D 11.0 [level 11.1]
    Renderer: NVIDIA GeForce RTX 2060 SUPER (ID=0x1f06)
    Vendor:   
    VRAM:     8031 MB
    Driver:   27.21.14.5671
Initialize mono
Mono path[0] = 'C:/Program Files/Unity/Hub/Editor/2020.3.9f1/Editor/Data/Managed'
Mono path[1] = 'C:/Program Files/Unity/Hub/Editor/2020.3.9f1/Editor/Data/MonoBleedingEdge/lib/mono/unityjit'
Mono config path = 'C:/Program Files/Unity/Hub/Editor/2020.3.9f1/Editor/Data/MonoBleedingEdge/etc'
Using monoOptions --debugger-agent=transport=dt_socket,embedding=1,server=y,suspend=n,address=127.0.0.1:56836
Begin MonoManager ReloadAssembly
Registering precompiled unity dll's ...
Register platform support module: C:/Program Files/Unity/Hub/Editor/2020.3.9f1/Editor/Data/PlaybackEngines/WindowsStandaloneSupport/UnityEditor.WindowsStandalone.Extensions.dll
Registered in 0.001880 seconds.
Native extension for WindowsStandalone target not found
Refreshing native plugins compatible for Editor in 21.36 ms, found 0 plugins.
Preloading 0 native plugins for Editor in 0.00 ms.
Mono: successfully reloaded assembly
- Completed reload, in  1.056 seconds
Platform modules already initialized, skipping
Registering precompiled user dll's ...
Registered in 0.000580 seconds.
Begin MonoManager ReloadAssembly
Native extension for WindowsStandalone target not found
Refreshing native plugins compatible for Editor in 0.18 ms, found 0 plugins.
Preloading 0 native plugins for Editor in 0.00 ms.
Mono: successfully reloaded assembly
- Completed reload, in  0.805 seconds
Platform modules already initialized, skipping
========================================================================
Worker process is ready to serve import requests
Launched and connected shader compiler UnityShaderCompiler.exe after 0.05 seconds
Refreshing native plugins compatible for Editor in 0.17 ms, found 0 plugins.
Preloading 0 native plugins for Editor in 0.00 ms.
Unloading 1132 Unused Serialized files (Serialized files now loaded: 0)
System memory in use before: 59.4 MB.
System memory in use after: 59.5 MB.

Unloading 10 unused Assets to reduce memory usage. Loaded Objects now: 1575.
Total: 1.251200 ms (FindLiveObjects: 0.104100 ms CreateObjectMapping: 0.028800 ms MarkObjects: 1.054300 ms  DeleteObjects: 0.062900 ms)

========================================================================
Received Import Request.
  path: Assets/ScrollBar.cs
  artifactKey: Guid(499cdca3c2ee47f4ebe64c98d89a5797) Importer(815301076,1909f56bfc062723c751e8b465ee728b)
Start importing Assets/ScrollBar.cs using Guid(499cdca3c2ee47f4ebe64c98d89a5797) Importer(815301076,1909f56bfc062723c751e8b465ee728b)  -> (artifact id: '11308bdddb4cf1e81c19a28268d6cb37') in 0.028723 seconds
  Import took 0.030224 seconds .

========================================================================
Received Prepare
Refreshing native plugins compatible for Editor in 0.60 ms, found 0 plugins.
Preloading 0 native plugins for Editor in 0.00 ms.
Unloading 3 Unused Serialized files (Serialized files now loaded: 0)
System memory in use before: 35.9 MB.
System memory in use after: 35.9 MB.

Unloading 3 unused Assets to reduce memory usage. Loaded Objects now: 1575.
Total: 1.570100 ms (FindLiveObjects: 0.102700 ms CreateObjectMapping: 0.026100 ms MarkObjects: 1.407900 ms  DeleteObjects: 0.032800 ms)

========================================================================
Received Import Request.
  Time since last request: 118.673110 seconds.
  path: Assets/ScrollBar.cs
  artifactKey: Guid(499cdca3c2ee47f4ebe64c98d89a5797) Importer(815301076,1909f56bfc062723c751e8b465ee728b)
Start importing Assets/ScrollBar.cs using Guid(499cdca3c2ee47f4ebe64c98d89a5797) Importer(815301076,1909f56bfc062723c751e8b465ee728b)  -> (artifact id: 'b778a00fd21d1ab3d4191bccaa12a3b3') in 0.002802 seconds
  Import took 0.021467 seconds .

========================================================================
Received Import Request.
  Time since last request: 7.814703 seconds.
  path: Assets/ScrollBar.cs
  artifactKey: Guid(499cdca3c2ee47f4ebe64c98d89a5797) Importer(815301076,1909f56bfc062723c751e8b465ee728b)
Start importing Assets/ScrollBar.cs using Guid(499cdca3c2ee47f4ebe64c98d89a5797) Importer(815301076,1909f56bfc062723c751e8b465ee728b)  -> (artifact id: '7c6e54284b84eef052d2e3308a4e6d38') in 0.002905 seconds
  Import took 0.005680 seconds .

========================================================================
Received Import Request.
  Time since last request: 5.910004 seconds.
  path: Assets/ScrollBar.cs
  artifactKey: Guid(499cdca3c2ee47f4ebe64c98d89a5797) Importer(815301076,1909f56bfc062723c751e8b465ee728b)
Start importing Assets/ScrollBar.cs using Guid(499cdca3c2ee47f4ebe64c98d89a5797) Importer(815301076,1909f56bfc062723c751e8b465ee728b)  -> (artifact id: 'b146f1576ba05147519b3ddff9cce357') in 0.003002 seconds
  Import took 0.004483 seconds .

========================================================================
Received Prepare
Registering precompiled user dll's ...
Registered in 0.000562 seconds.
Begin MonoManager ReloadAssembly
Native extension for WindowsStandalone target not found
Refreshing native plugins compatible for Editor in 0.16 ms, found 0 plugins.
Preloading 0 native plugins for Editor in 0.00 ms.
Mono: successfully reloaded assembly
- Completed reload, in  0.684 seconds
Platform modules already initialized, skipping
Refreshing native plugins compatible for Editor in 0.16 ms, found 0 plugins.
Preloading 0 native plugins for Editor in 0.00 ms.
Unloading 1114 Unused Serialized files (Serialized files now loaded: 0)
System memory in use before: 58.1 MB.
System memory in use after: 58.1 MB.

Unloading 5 unused Assets to reduce memory usage. Loaded Objects now: 1578.
Total: 1.193000 ms (FindLiveObjects: 0.097000 ms CreateObjectMapping: 0.030800 ms MarkObjects: 1.023900 ms  DeleteObjects: 0.040500 ms)

========================================================================
Received Prepare
Registering precompiled user dll's ...
Registered in 0.000587 seconds.
Begin MonoManager ReloadAssembly
Native extension for WindowsStandalone target not found
Refreshing native plugins compatible for Editor in 0.16 ms, found 0 plugins.
Preloading 0 native plugins for Editor in 0.00 ms.
Mono: successfully reloaded assembly
- Completed reload, in  0.679 seconds
Platform modules already initialized, skipping
Refreshing native plugins compatible for Editor in 0.16 ms, found 0 plugins.
Preloading 0 native plugins for Editor in 0.00 ms.
Unloading 1114 Unused Serialized files (Serialized files now loaded: 0)
System memory in use before: 58.1 MB.
System memory in use after: 58.2 MB.

Unloading 5 unused Assets to reduce memory usage. Loaded Objects now: 1581.
Total: 1.290400 ms (FindLiveObjects: 0.094200 ms CreateObjectMapping: 0.023800 ms MarkObjects: 1.132400 ms  DeleteObjects: 0.039200 ms)

========================================================================
Received Import Request.
  Time since last request: 101.477660 seconds.
  path: Assets/Toggle.cs
  artifactKey: Guid(0a32cfe229bee1d48a48aa6754dd8f62) Importer(815301076,1909f56bfc062723c751e8b465ee728b)
Start importing Assets/Toggle.cs using Guid(0a32cfe229bee1d48a48aa6754dd8f62) Importer(815301076,1909f56bfc062723c751e8b465ee728b)  -> (artifact id: '6112dd492b9ffdda5b30abb2eec9db33') in 0.008762 seconds
  Import took 0.010640 seconds .

========================================================================
Received Prepare
Registering precompiled user dll's ...
Registered in 0.000554 seconds.
Begin MonoManager ReloadAssembly
Native extension for WindowsStandalone target not found
Refreshing native plugins compatible for Editor in 0.16 ms, found 0 plugins.
Preloading 0 native plugins for Editor in 0.00 ms.
Mono: successfully reloaded assembly
- Completed reload, in  0.697 seconds
Platform modules already initialized, skipping
Refreshing native plugins compatible for Editor in 0.22 ms, found 0 plugins.
Preloading 0 native plugins for Editor in 0.00 ms.
Unloading 1115 Unused Serialized files (Serialized files now loaded: 0)
System memory in use before: 58.1 MB.
System memory in use after: 58.2 MB.

Unloading 5 unused Assets to reduce memory usage. Loaded Objects now: 1585.
Total: 1.199900 ms (FindLiveObjects: 0.090400 ms CreateObjectMapping: 0.024200 ms MarkObjects: 1.046900 ms  DeleteObjects: 0.037700 ms)

========================================================================
Received Prepare
Registering precompiled user dll's ...
Registered in 0.000585 seconds.
Begin MonoManager ReloadAssembly
Native extension for WindowsStandalone target not found
Refreshing native plugins compatible for Editor in 0.17 ms, found 0 plugins.
Preloading 0 native plugins for Editor in 0.00 ms.
Mono: successfully reloaded assembly
- Completed reload, in  0.670 seconds
Platform modules already initialized, skipping
Refreshing native plugins compatible for Editor in 0.16 ms, found 0 plugins.
Preloading 0 native plugins for Editor in 0.00 ms.
Unloading 1115 Unused Serialized files (Serialized files now loaded: 0)
System memory in use before: 58.2 MB.
System memory in use after: 58.2 MB.

Unloading 5 unused Assets to reduce memory usage. Loaded Objects now: 1588.
Total: 1.207800 ms (FindLiveObjects: 0.086500 ms CreateObjectMapping: 0.027400 ms MarkObjects: 1.057800 ms  DeleteObjects: 0.035200 ms)

========================================================================
Received Import Request.
  Time since last request: 20.992543 seconds.
  path: Assets/Toggle.cs
  artifactKey: Guid(0a32cfe229bee1d48a48aa6754dd8f62) Importer(815301076,1909f56bfc062723c751e8b465ee728b)
Start importing Assets/Toggle.cs using Guid(0a32cfe229bee1d48a48aa6754dd8f62) Importer(815301076,1909f56bfc062723c751e8b465ee728b)  -> (artifact id: '77a881a59afbe138ca4cb8ebed34cbc6') in 0.003319 seconds
  Import took 0.004699 seconds .

========================================================================
Received Prepare
Registering precompiled user dll's ...
Registered in 0.000605 seconds.
Begin MonoManager ReloadAssembly
Native extension for WindowsStandalone target not found
Refreshing native plugins compatible for Editor in 0.17 ms, found 0 plugins.
Preloading 0 native plugins for Editor in 0.00 ms.
Mono: successfully reloaded assembly
- Completed reload, in  0.709 seconds
Platform modules already initialized, skipping
Refreshing native plugins compatible for Editor in 0.19 ms, found 0 plugins.
Preloading 0 native plugins for Editor in 0.00 ms.
Unloading 1114 Unused Serialized files (Serialized files now loaded: 0)
System memory in use before: 58.1 MB.
System memory in use after: 58.2 MB.

Unloading 6 unused Assets to reduce memory usage. Loaded Objects now: 1590.
Total: 1.453600 ms (FindLiveObjects: 0.114100 ms CreateObjectMapping: 0.031900 ms MarkObjects: 1.255300 ms  DeleteObjects: 0.051200 ms)

========================================================================
Received Prepare
Registering precompiled user dll's ...
Registered in 0.000752 seconds.
Begin MonoManager ReloadAssembly
Native extension for WindowsStandalone target not found
Refreshing native plugins compatible for Editor in 0.17 ms, found 0 plugins.
Preloading 0 native plugins for Editor in 0.00 ms.
Mono: successfully reloaded assembly
- Completed reload, in  0.704 seconds
Platform modules already initialized, skipping
Refreshing native plugins compatible for Editor in 0.16 ms, found 0 plugins.
Preloading 0 native plugins for Editor in 0.00 ms.
Unloading 1114 Unused Serialized files (Serialized files now loaded: 0)
System memory in use before: 58.1 MB.
System memory in use after: 58.2 MB.

Unloading 5 unused Assets to reduce memory usage. Loaded Objects now: 1593.
Total: 1.384500 ms (FindLiveObjects: 0.095300 ms CreateObjectMapping: 0.026900 ms MarkObjects: 1.225800 ms  DeleteObjects: 0.035700 ms)

========================================================================
Received Prepare
Registering precompiled user dll's ...
Registered in 0.000626 seconds.
Begin MonoManager ReloadAssembly
Native extension for WindowsStandalone target not found
Refreshing native plugins compatible for Editor in 0.17 ms, found 0 plugins.
Preloading 0 native plugins for Editor in 0.00 ms.
Mono: successfully reloaded assembly
- Completed reload, in  0.656 seconds
Platform modules already initialized, skipping
Refreshing native plugins compatible for Editor in 0.16 ms, found 0 plugins.
Preloading 0 native plugins for Editor in 0.00 ms.
Unloading 1114 Unused Serialized files (Serialized files now loaded: 0)
System memory in use before: 58.2 MB.
System memory in use after: 58.3 MB.

Unloading 5 unused Assets to reduce memory usage. Loaded Objects now: 1596.
Total: 1.199600 ms (FindLiveObjects: 0.092000 ms CreateObjectMapping: 0.024400 ms MarkObjects: 1.042900 ms  DeleteObjects: 0.039600 ms)

========================================================================
Received Prepare
Registering precompiled user dll's ...
Registered in 0.001280 seconds.
Begin MonoManager ReloadAssembly
Native extension for WindowsStandalone target not found
Refreshing native plugins compatible for Editor in 0.16 ms, found 0 plugins.
Preloading 0 native plugins for Editor in 0.00 ms.
Mono: successfully reloaded assembly
- Completed reload, in  0.650 seconds
Platform modules already initialized, skipping
Refreshing native plugins compatible for Editor in 0.16 ms, found 0 plugins.
Preloading 0 native plugins for Editor in 0.00 ms.
Unloading 1114 Unused Serialized files (Serialized files now loaded: 0)
System memory in use before: 58.2 MB.
System memory in use after: 58.3 MB.

Unloading 5 unused Assets to reduce memory usage. Loaded Objects now: 1599.
Total: 1.492100 ms (FindLiveObjects: 0.085700 ms CreateObjectMapping: 0.027300 ms MarkObjects: 1.324000 ms  DeleteObjects: 0.054100 ms)

========================================================================
Received Prepare
Registering precompiled user dll's ...
Registered in 0.000562 seconds.
Begin MonoManager ReloadAssembly
Native extension for WindowsStandalone target not found
Refreshing native plugins compatible for Editor in 0.17 ms, found 0 plugins.
Preloading 0 native plugins for Editor in 0.00 ms.
Mono: successfully reloaded assembly
- Completed reload, in  0.671 seconds
Platform modules already initialized, skipping
Refreshing native plugins compatible for Editor in 0.18 ms, found 0 plugins.
Preloading 0 native plugins for Editor in 0.00 ms.
Unloading 1114 Unused Serialized files (Serialized files now loaded: 0)
System memory in use before: 58.2 MB.
System memory in use after: 58.3 MB.

Unloading 5 unused Assets to reduce memory usage. Loaded Objects now: 1602.
Total: 1.388700 ms (FindLiveObjects: 0.093200 ms CreateObjectMapping: 0.028400 ms MarkObjects: 1.221300 ms  DeleteObjects: 0.044800 ms)

========================================================================
Received Prepare
Registering precompiled user dll's ...
Registered in 0.000648 seconds.
Begin MonoManager ReloadAssembly
Native extension for WindowsStandalone target not found
Refreshing native plugins compatible for Editor in 0.16 ms, found 0 plugins.
Preloading 0 native plugins for Editor in 0.00 ms.
Mono: successfully reloaded assembly
- Completed reload, in  0.692 seconds
Platform modules already initialized, skipping
Refreshing native plugins compatible for Editor in 0.16 ms, found 0 plugins.
Preloading 0 native plugins for Editor in 0.00 ms.
Unloading 1114 Unused Serialized files (Serialized files now loaded: 0)
System memory in use before: 58.2 MB.
System memory in use after: 58.3 MB.

Unloading 5 unused Assets to reduce memory usage. Loaded Objects now: 1605.
Total: 1.344000 ms (FindLiveObjects: 0.098200 ms CreateObjectMapping: 0.027400 ms MarkObjects: 1.178800 ms  DeleteObjects: 0.038900 ms)

========================================================================
Received Prepare
Registering precompiled user dll's ...
Registered in 0.000569 seconds.
Begin MonoManager ReloadAssembly
Native extension for WindowsStandalone target not found
Refreshing native plugins compatible for Editor in 0.16 ms, found 0 plugins.
Preloading 0 native plugins for Editor in 0.00 ms.
Mono: successfully reloaded assembly
- Completed reload, in  0.676 seconds
Platform modules already initialized, skipping
Refreshing native plugins compatible for Editor in 0.17 ms, found 0 plugins.
Preloading 0 native plugins for Editor in 0.00 ms.
Unloading 1114 Unused Serialized files (Serialized files now loaded: 0)
System memory in use before: 58.2 MB.
System memory in use after: 58.3 MB.

Unloading 5 unused Assets to reduce memory usage. Loaded Objects now: 1608.
Total: 1.320700 ms (FindLiveObjects: 0.092700 ms CreateObjectMapping: 0.031600 ms MarkObjects: 1.158400 ms  DeleteObjects: 0.037400 ms)

AssetImportWorkerClient::OnTransportError - code=2 error=End of file
